<?xml version="1.0" encoding="UTF-8"?>
<robot generator="Robot 7.2 (Python 3.12.8 on win32)" generated="2025-01-31T12:21:24.189544" rpa="false" schemaversion="5">
<suite id="s1" name="Login" source="D:\Robot_Framework\tests\login.robot">
<test id="s1-t1" name="Login With Valid Credentials" line="11">
<kw name="Open Browser To Login Page" owner="keywords" type="SETUP">
<kw name="Open Browser" owner="SeleniumLibrary">
<msg time="2025-01-31T12:21:24.813447" level="FAIL">String '${CONFIG}' used with invalid index 'login'. To use '[login]' as a literal value, it needs to be escaped like '\[login]'.</msg>
<arg>${CONFIG}[login][login_url]</arg>
<arg>${CONFIG}[login][browser]</arg>
<doc>Opens a new browser instance to the optional ``url``.</doc>
<status status="FAIL" start="2025-01-31T12:21:24.813447" elapsed="0.000000">String '${CONFIG}' used with invalid index 'login'. To use '[login]' as a literal value, it needs to be escaped like '\[login]'.</status>
</kw>
<kw name="Maximize Browser Window" owner="SeleniumLibrary">
<doc>Maximizes current browser window.</doc>
<status status="NOT RUN" start="2025-01-31T12:21:24.814494" elapsed="0.000000"/>
</kw>
<status status="FAIL" start="2025-01-31T12:21:24.812942" elapsed="0.001552">String '${CONFIG}' used with invalid index 'login'. To use '[login]' as a literal value, it needs to be escaped like '\[login]'.</status>
</kw>
<doc>Verify that user can log in successfully with valid credentials</doc>
<status status="FAIL" start="2025-01-31T12:21:24.811998" elapsed="0.002496">Setup failed:
String '${CONFIG}' used with invalid index 'login'. To use '[login]' as a literal value, it needs to be escaped like '\[login]'.</status>
</test>
<test id="s1-t2" name="Navigate To Data Integration" line="17">
<kw name="Open Browser To Login Page" owner="keywords" type="SETUP">
<kw name="Open Browser" owner="SeleniumLibrary">
<msg time="2025-01-31T12:21:24.817174" level="FAIL">String '${CONFIG}' used with invalid index 'login'. To use '[login]' as a literal value, it needs to be escaped like '\[login]'.</msg>
<arg>${CONFIG}[login][login_url]</arg>
<arg>${CONFIG}[login][browser]</arg>
<doc>Opens a new browser instance to the optional ``url``.</doc>
<status status="FAIL" start="2025-01-31T12:21:24.816176" elapsed="0.000998">String '${CONFIG}' used with invalid index 'login'. To use '[login]' as a literal value, it needs to be escaped like '\[login]'.</status>
</kw>
<kw name="Maximize Browser Window" owner="SeleniumLibrary">
<doc>Maximizes current browser window.</doc>
<status status="NOT RUN" start="2025-01-31T12:21:24.817174" elapsed="0.000000"/>
</kw>
<status status="FAIL" start="2025-01-31T12:21:24.816176" elapsed="0.000998">String '${CONFIG}' used with invalid index 'login'. To use '[login]' as a literal value, it needs to be escaped like '\[login]'.</status>
</kw>
<doc>Click on Data Integration and verify</doc>
<status status="FAIL" start="2025-01-31T12:21:24.815804" elapsed="0.001871">Setup failed:
String '${CONFIG}' used with invalid index 'login'. To use '[login]' as a literal value, it needs to be escaped like '\[login]'.</status>
</test>
<test id="s1-t3" name="Upload Document" line="21">
<kw name="Open Browser To Login Page" owner="keywords" type="SETUP">
<kw name="Open Browser" owner="SeleniumLibrary">
<msg time="2025-01-31T12:21:24.819369" level="FAIL">String '${CONFIG}' used with invalid index 'login'. To use '[login]' as a literal value, it needs to be escaped like '\[login]'.</msg>
<arg>${CONFIG}[login][login_url]</arg>
<arg>${CONFIG}[login][browser]</arg>
<doc>Opens a new browser instance to the optional ``url``.</doc>
<status status="FAIL" start="2025-01-31T12:21:24.819369" elapsed="0.000000">String '${CONFIG}' used with invalid index 'login'. To use '[login]' as a literal value, it needs to be escaped like '\[login]'.</status>
</kw>
<kw name="Maximize Browser Window" owner="SeleniumLibrary">
<doc>Maximizes current browser window.</doc>
<status status="NOT RUN" start="2025-01-31T12:21:24.820367" elapsed="0.000000"/>
</kw>
<status status="FAIL" start="2025-01-31T12:21:24.819369" elapsed="0.000998">String '${CONFIG}' used with invalid index 'login'. To use '[login]' as a literal value, it needs to be escaped like '\[login]'.</status>
</kw>
<doc>Upload a file from local system</doc>
<status status="FAIL" start="2025-01-31T12:21:24.818233" elapsed="0.002134">Setup failed:
String '${CONFIG}' used with invalid index 'login'. To use '[login]' as a literal value, it needs to be escaped like '\[login]'.</status>
</test>
<doc>Test login functionality of Utkarsh Bank application</doc>
<status status="FAIL" start="2025-01-31T12:21:24.193255" elapsed="0.628368"/>
</suite>
<statistics>
<total>
<stat pass="0" fail="3" skip="0">All Tests</stat>
</total>
<tag>
</tag>
<suite>
<stat name="Login" id="s1" pass="0" fail="3" skip="0">Login</stat>
</suite>
</statistics>
<errors>
<msg time="2025-01-31T12:21:24.808479" level="ERROR">Error in file 'D:\Robot_Framework\resources\keywords.robot' on line 3: Importing library 'YAMLLibrary' failed: ModuleNotFoundError: No module named 'YAMLLibrary'
Traceback (most recent call last):
  None
PYTHONPATH:
  C:\Users\OrCon\AppData\Roaming\Python\Python312\Scripts\robot.exe
  C:\Program Files\Python312\python312.zip
  C:\Program Files\Python312\DLLs
  C:\Program Files\Python312\Lib
  C:\Program Files\Python312
  C:\Users\OrCon\AppData\Roaming\Python\Python312\site-packages
  C:\Program Files\Python312\Lib\site-packages</msg>
</errors>
</robot>
